info it worked if it ends with ok
verbose cli [ 'node', '/usr/local/bin/npm', 'publish' ]
info using npm@1.0.94
info using node@v0.4.12
verbose config file /var/www/.npmrc
verbose config file /usr/local/etc/npmrc
verbose publish [ '.' ]
silly testEngine { name: 'swift',
silly testEngine   author: { name: 'Firejune', url: 'http://firejune.com/' },
silly testEngine   version: '0.0.1',
silly testEngine   description: 'OpenStack Object Storage REST client API for Node.JS',
silly testEngine   homepage: 'http://github.com/firejune/swift',
silly testEngine   keywords: [ 'swift', 'OpenStack', 'Object Storage' ],
silly testEngine   main: 'lib/swift',
silly testEngine   directories: { lib: 'lib' },
silly testEngine   dependencies: { clog: '>= 0.0.1' },
silly testEngine   repository: 
silly testEngine    { type: 'git',
silly testEngine      url: 'git://github.com/firejune/swift.git' },
silly testEngine   licenses: 
silly testEngine    [ { type: 'MIT',
silly testEngine        url: 'http://www.opensource.org/licenses/mit-license.php' } ],
silly testEngine   bugs: { url: 'http://github.com/firejune/swift/issues' },
silly testEngine   engines: { node: '>= 0.4.0' },
silly testEngine   _npmUser: { name: 'firejune', email: 'to@firejune.com' },
silly testEngine   _id: 'swift@0.0.1',
silly testEngine   devDependencies: {},
silly testEngine   _engineSupported: true,
silly testEngine   _npmVersion: '1.0.94',
silly testEngine   _nodeVersion: 'v0.4.12',
silly testEngine   _defaultsLoaded: true,
silly testEngine   scripts: {} }
verbose caching /var/www/node/_modules/swift/package.json
verbose loadDefaults swift@0.0.1
info prepublish swift@0.0.1
verbose cache add [ '.', null ]
silly cache add: name, spec, args [ undefined, '.', [ '.', null ] ]
verbose parsed url { pathname: '.', href: '.' }
silly testEngine { name: 'swift',
silly testEngine   author: { name: 'Firejune', url: 'http://firejune.com/' },
silly testEngine   version: '0.0.1',
silly testEngine   description: 'OpenStack Object Storage REST client API for Node.JS',
silly testEngine   homepage: 'http://github.com/firejune/swift',
silly testEngine   keywords: [ 'swift', 'OpenStack', 'Object Storage' ],
silly testEngine   main: 'lib/swift',
silly testEngine   directories: { lib: 'lib' },
silly testEngine   dependencies: { clog: '>= 0.0.1' },
silly testEngine   repository: 
silly testEngine    { type: 'git',
silly testEngine      url: 'git://github.com/firejune/swift.git' },
silly testEngine   licenses: 
silly testEngine    [ { type: 'MIT',
silly testEngine        url: 'http://www.opensource.org/licenses/mit-license.php' } ],
silly testEngine   bugs: { url: 'http://github.com/firejune/swift/issues' },
silly testEngine   engines: { node: '>= 0.4.0' },
silly testEngine   _npmUser: { name: 'firejune', email: 'to@firejune.com' },
silly testEngine   _id: 'swift@0.0.1',
silly testEngine   devDependencies: {},
silly testEngine   _engineSupported: true,
silly testEngine   _npmVersion: '1.0.94',
silly testEngine   _nodeVersion: 'v0.4.12',
silly testEngine   _defaultsLoaded: true,
silly testEngine   path: '/var/www/node/_modules/swift' }
verbose caching package.json
verbose loadDefaults swift@0.0.1
verbose pack /var/www/node/_modules/swift /tmp/npm-1318993094762/1318993094762-0.8528296095319092/tmp.tgz
verbose mkdir (expected) error ENOENT, No such file or directory '/tmp/npm-1318993094762'
verbose mkdir (expected) error ENOENT, No such file or directory '/tmp/npm-1318993094762/1318993094762-0.8528296095319092'
verbose mkdir done: /tmp/npm-1318993094762/1318993094762-0.8528296095319092 755
verbose mkdir'ed /tmp/npm-1318993094762/1318993094762-0.8528296095319092
verbose tar about to write tar and gzip it.
silly tar args [ '-czvf',
silly tar args   '-',
silly tar args   'swift/README.md',
silly tar args   'swift/package.json',
silly tar args   'swift/index.js',
silly tar args   'swift/lib/swift.js' ]
verbose mkdir (expected) error ENOENT, No such file or directory '/tmp/npm-1318993094762/1318993094762-0.8528296095319092/contents'
verbose mkdir (expected) error ENOENT, No such file or directory '/tmp/npm-1318993094762/1318993094762-0.8528296095319092/contents/___package.npm'
verbose mkdir done: /tmp/npm-1318993094762/1318993094762-0.8528296095319092/contents/___package.npm 755
verbose unpack_ uid, gid [ 0, 0 ]
verbose unpackTarget /tmp/npm-1318993094762/1318993094762-0.8528296095319092/contents/package
silly gunzTarPerm modes [ '755', '644' ]
silly tar out swift/README.md
silly tar out swift/package.json
silly tar out swift/index.js
silly tar out swift/lib/swift.js
silly asyncMap in gTP /tmp/npm-1318993094762/1318993094762-0.8528296095319092/contents/___package.npm/swift
silly asyncMap in gTP /tmp/npm-1318993094762/1318993094762-0.8528296095319092/contents/___package.npm/swift/README.md
silly asyncMap in gTP /tmp/npm-1318993094762/1318993094762-0.8528296095319092/contents/___package.npm/swift/package.json
silly asyncMap in gTP /tmp/npm-1318993094762/1318993094762-0.8528296095319092/contents/___package.npm/swift/index.js
silly asyncMap in gTP /tmp/npm-1318993094762/1318993094762-0.8528296095319092/contents/___package.npm/swift/lib
silly asyncMap in gTP /tmp/npm-1318993094762/1318993094762-0.8528296095319092/contents/___package.npm/swift/lib/swift.js
verbose gunzed /tmp/npm-1318993094762/1318993094762-0.8528296095319092/contents/___package.npm/swift
verbose rm'ed /tmp/npm-1318993094762/1318993094762-0.8528296095319092/contents/package
verbose renamed [ '/tmp/npm-1318993094762/1318993094762-0.8528296095319092/contents/___package.npm/swift',
verbose renamed   '/tmp/npm-1318993094762/1318993094762-0.8528296095319092/contents/package' ]
silly testEngine { name: 'swift',
silly testEngine   author: { name: 'Firejune', url: 'http://firejune.com/' },
silly testEngine   version: '0.0.1',
silly testEngine   description: 'OpenStack Object Storage REST client API for Node.JS',
silly testEngine   homepage: 'http://github.com/firejune/swift',
silly testEngine   keywords: [ 'swift', 'OpenStack', 'Object Storage' ],
silly testEngine   main: 'lib/swift',
silly testEngine   directories: { lib: 'lib' },
silly testEngine   dependencies: { clog: '>= 0.0.1' },
silly testEngine   repository: 
silly testEngine    { type: 'git',
silly testEngine      url: 'git://github.com/firejune/swift.git' },
silly testEngine   licenses: 
silly testEngine    [ { type: 'MIT',
silly testEngine        url: 'http://www.opensource.org/licenses/mit-license.php' } ],
silly testEngine   bugs: { url: 'http://github.com/firejune/swift/issues' },
silly testEngine   engines: { node: '>= 0.4.0' },
silly testEngine   _npmUser: { name: 'firejune', email: 'to@firejune.com' },
silly testEngine   _id: 'swift@0.0.1',
silly testEngine   devDependencies: {},
silly testEngine   _engineSupported: true,
silly testEngine   _npmVersion: '1.0.94',
silly testEngine   _nodeVersion: 'v0.4.12',
silly testEngine   _defaultsLoaded: true,
silly testEngine   path: '/tmp/npm-1318993094762/1318993094762-0.8528296095319092/contents/package' }
verbose caching /tmp/npm-1318993094762/1318993094762-0.8528296095319092/contents/package/package.json
verbose loadDefaults swift@0.0.1
verbose tarball contents [ 'package' ]
verbose from cache /tmp/npm-1318993094762/1318993094762-0.8528296095319092/contents/package/package.json
verbose pack /tmp/npm-1318993094762/1318993094762-0.8528296095319092/contents/package /var/www/.npm/swift/0.0.1/package.tgz
verbose mkdir'ed /var/www/.npm/swift/0.0.1
verbose tar about to write tar and gzip it.
silly tar args [ '-czvf',
silly tar args   '-',
silly tar args   'package/README.md',
silly tar args   'package/package.json',
silly tar args   'package/index.js',
silly tar args   'package/lib/swift.js' ]
verbose mkdir (expected) error ENOENT, No such file or directory '/var/www/.npm/swift/0.0.1/___package.npm'
verbose mkdir done: /var/www/.npm/swift/0.0.1/___package.npm 755
verbose unpack_ uid, gid [ 0, 0 ]
verbose unpackTarget /var/www/.npm/swift/0.0.1/package
silly gunzTarPerm modes [ '755', '644' ]
silly tar out package/README.md
silly tar out package/package.json
silly tar out package/index.js
silly tar out package/lib/swift.js
silly asyncMap in gTP /var/www/.npm/swift/0.0.1/___package.npm/package
silly asyncMap in gTP /var/www/.npm/swift/0.0.1/___package.npm/package/README.md
silly asyncMap in gTP /var/www/.npm/swift/0.0.1/___package.npm/package/package.json
silly asyncMap in gTP /var/www/.npm/swift/0.0.1/___package.npm/package/index.js
silly asyncMap in gTP /var/www/.npm/swift/0.0.1/___package.npm/package/lib
silly asyncMap in gTP /var/www/.npm/swift/0.0.1/___package.npm/package/lib/swift.js
verbose gunzed /var/www/.npm/swift/0.0.1/___package.npm/package
verbose rm'ed /var/www/.npm/swift/0.0.1/package
verbose renamed [ '/var/www/.npm/swift/0.0.1/___package.npm/package',
verbose renamed   '/var/www/.npm/swift/0.0.1/package' ]
silly testEngine { name: 'swift',
silly testEngine   author: { name: 'Firejune', url: 'http://firejune.com/' },
silly testEngine   version: '0.0.1',
silly testEngine   description: 'OpenStack Object Storage REST client API for Node.JS',
silly testEngine   homepage: 'http://github.com/firejune/swift',
silly testEngine   keywords: [ 'swift', 'OpenStack', 'Object Storage' ],
silly testEngine   main: 'lib/swift',
silly testEngine   directories: { lib: 'lib' },
silly testEngine   dependencies: { clog: '>= 0.0.1' },
silly testEngine   repository: 
silly testEngine    { type: 'git',
silly testEngine      url: 'git://github.com/firejune/swift.git' },
silly testEngine   licenses: 
silly testEngine    [ { type: 'MIT',
silly testEngine        url: 'http://www.opensource.org/licenses/mit-license.php' } ],
silly testEngine   bugs: { url: 'http://github.com/firejune/swift/issues' },
silly testEngine   engines: { node: '>= 0.4.0' },
silly testEngine   _npmUser: { name: 'firejune', email: 'to@firejune.com' },
silly testEngine   _id: 'swift@0.0.1',
silly testEngine   devDependencies: {},
silly testEngine   _engineSupported: true,
silly testEngine   _npmVersion: '1.0.94',
silly testEngine   _nodeVersion: 'v0.4.12',
silly testEngine   _defaultsLoaded: true,
silly testEngine   dist: 
silly testEngine    { shasum: '7f3780acbd5879d76c907e8a0b48cc425b3e5141',
silly testEngine      tarball: 'http://registry.npmjs.org/swift/-/swift-0.0.1.tgz' } }
verbose caching /var/www/.npm/swift/0.0.1/package/package.json
verbose loadDefaults swift@0.0.1
silly updated sha bytes 2052
info shasum 7f3780acbd5879d76c907e8a0b48cc425b3e5141
info shasum /var/www/.npm/swift/0.0.1/package.tgz
verbose from cache /var/www/.npm/swift/0.0.1/package/package.json
verbose chmod /var/www/.npm/swift/0.0.1/package.tgz 644
silly publish { name: 'swift',
silly publish   author: { name: 'Firejune', url: 'http://firejune.com/' },
silly publish   version: '0.0.1',
silly publish   description: 'OpenStack Object Storage REST client API for Node.JS',
silly publish   homepage: 'http://github.com/firejune/swift',
silly publish   keywords: [ 'swift', 'OpenStack', 'Object Storage' ],
silly publish   main: 'lib/swift',
silly publish   directories: { lib: 'lib' },
silly publish   dependencies: { clog: '>= 0.0.1' },
silly publish   repository: 
silly publish    { type: 'git',
silly publish      url: 'git://github.com/firejune/swift.git' },
silly publish   licenses: 
silly publish    [ { type: 'MIT',
silly publish        url: 'http://www.opensource.org/licenses/mit-license.php' } ],
silly publish   bugs: { url: 'http://github.com/firejune/swift/issues' },
silly publish   engines: { node: '>= 0.4.0' },
silly publish   _npmUser: { name: 'firejune', email: 'to@firejune.com' },
silly publish   _id: 'swift@0.0.1',
silly publish   devDependencies: {},
silly publish   _engineSupported: true,
silly publish   _npmVersion: '1.0.94',
silly publish   _nodeVersion: 'v0.4.12',
silly publish   _defaultsLoaded: true,
silly publish   dist: 
silly publish    { shasum: '7f3780acbd5879d76c907e8a0b48cc425b3e5141',
silly publish      tarball: 'http://registry.npmjs.org/swift/-/swift-0.0.1.tgz' } }
verbose PUT swift
verbose raw, before any munging swift
verbose url resolving [ 'https://registry.npmjs.org/', './swift' ]
verbose url resolved https://registry.npmjs.org/swift
verbose GET swift
verbose raw, before any munging swift
verbose url resolving [ 'https://registry.npmjs.org/', './swift' ]
verbose url resolved https://registry.npmjs.org/swift
info Already published swift@0.0.1
verbose uploading bin dists []
ERR! publish fail Cannot publish over existing version.
ERR! publish fail Bump the 'version' field, set the --force flag, or
ERR! publish fail     npm unpublish 'swift@0.0.1'
ERR! publish fail and try again
ERR! 
ERR! System Linux 2.6.18-194.3.1.el5xen
ERR! command "node" "/usr/local/bin/npm" "publish"
ERR! cwd /var/www/node/_modules/swift
ERR! node -v v0.4.12
ERR! npm -v 1.0.94
ERR! code EPUBLISHCONFLICT
verbose exit [ 1, true ]
